<?xml version="1.0" encoding="UTF-8"?>
<!-- Generated by org.testng.reporters.JUnitReportReporter -->
<testsuite hostname="UT-LTP-1129" failures="0" tests="1" name="seleniumProject.MavenJava.AppiumTest" time="0.006" errors="0" timestamp="2022-06-09T13:55:25 IST" skipped="0">
  <testcase classname="seleniumProject.MavenJava.AppiumTest" name="BrowserAutomation" time="0.006"/>
  <system-out/>
</testsuite> <!-- seleniumProject.MavenJava.AppiumTest -->
