<?xml version="1.0" encoding="UTF-8"?>
<!-- Generated by org.testng.reporters.JUnitReportReporter -->
<testsuite skipped="0" hostname="UT-LTP-1129" name="seleniumProject.MavenJava.AppiumTest" tests="2" failures="0" timestamp="2022-06-17T13:54:02 IST" time="0.017" errors="0">
  <testcase name="IOSApps" time="0.016" classname="seleniumProject.MavenJava.AppiumTest"/>
  <system-out/>
  <testcase name="NativeApAndroid" time="0.001" classname="seleniumProject.MavenJava.AppiumTest"/>
  <system-out/>
</testsuite> <!-- seleniumProject.MavenJava.AppiumTest -->
