<?xml version="1.0" encoding="UTF-8"?>
<!-- Generated by org.testng.reporters.JUnitReportReporter -->
<testsuite skipped="0" hostname="UT-LTP-1129" name="seleniumProject.MavenJava.RESTAPITest" tests="2" failures="0" timestamp="2022-06-17T13:54:02 IST" time="0.000" errors="0">
  <testcase name="deleteTwiter" time="0.000" classname="seleniumProject.MavenJava.RESTAPITest"/>
  <system-out/>
  <testcase name="postJira" time="0.000" classname="seleniumProject.MavenJava.RESTAPITest"/>
  <system-out/>
</testsuite> <!-- seleniumProject.MavenJava.RESTAPITest -->
